# JRE version: OpenJDK Runtime Environment (8.0_282) (build 1.8.0_282-bre_2021_01_20_16_37-b00)
# Java VM: OpenJDK 64-Bit Server VM (25.282-b00 mixed mode bsd-amd64 compressed oops)
Heap:
 PSYoungGen      total 362496K, used 51840K [0x00000007a0000000, 0x00000007bfc80000, 0x00000007c0000000)
  eden space 328704K, 15% used [0x00000007a0000000,0x00000007a32a0198,0x00000007b4100000)
  from space 33792K, 0% used [0x00000007b4100000,0x00000007b4100000,0x00000007b6200000)
  to   space 33792K, 0% used [0x00000007bdb80000,0x00000007bdb80000,0x00000007bfc80000)
 ParOldGen       total 283648K, used 33273K [0x0000000760000000, 0x0000000771500000, 0x00000007a0000000)
  object space 283648K, 11% used [0x0000000760000000,0x000000076207e6b0,0x0000000771500000)
 Metaspace       used 59212K, capacity 62447K, committed 62720K, reserved 1103872K
  class space    used 8239K, capacity 8916K, committed 8960K, reserved 1048576K
GC Heap History (10 events):
Event: 26.825 GC heap before
{Heap before GC invocations=8 (full 2):
 PSYoungGen      total 153088K, used 145024K [0x00000007a0000000, 0x00000007af000000, 0x00000007c0000000)
  eden space 131584K, 100% used [0x00000007a0000000,0x00000007a8080000,0x00000007a8080000)
  from space 21504K, 62% used [0x00000007a8080000,0x00000007a8da0010,0x00000007a9580000)
  to   space 17408K, 0% used [0x00000007adf00000,0x00000007adf00000,0x00000007af000000)
 ParOldGen       total 222720K, used 17966K [0x0000000760000000, 0x000000076d980000, 0x00000007a0000000)
  object space 222720K, 8% used [0x0000000760000000,0x000000076118ba18,0x000000076d980000)
 Metaspace       used 36313K, capacity 37986K, committed 38272K, reserved 1083392K
  class space    used 4537K, capacity 4905K, committed 4992K, reserved 1048576K
Event: 26.837 GC heap after
Heap after GC invocations=8 (full 2):
 PSYoungGen      total 228352K, used 13408K [0x00000007a0000000, 0x00000007af680000, 0x00000007c0000000)
  eden space 210944K, 0% used [0x00000007a0000000,0x00000007a0000000,0x00000007ace00000)
  from space 17408K, 77% used [0x00000007adf00000,0x00000007aec18010,0x00000007af000000)
  to   space 17408K, 0% used [0x00000007ace00000,0x00000007ace00000,0x00000007adf00000)
 ParOldGen       total 222720K, used 17974K [0x0000000760000000, 0x000000076d980000, 0x00000007a0000000)
  object space 222720K, 8% used [0x0000000760000000,0x000000076118da18,0x000000076d980000)
 Metaspace       used 36313K, capacity 37986K, committed 38272K, reserved 1083392K
  class space    used 4537K, capacity 4905K, committed 4992K, reserved 1048576K
}
Event: 46.074 GC heap before
{Heap before GC invocations=9 (full 2):
 PSYoungGen      total 228352K, used 224352K [0x00000007a0000000, 0x00000007af680000, 0x00000007c0000000)
  eden space 210944K, 100% used [0x00000007a0000000,0x00000007ace00000,0x00000007ace00000)
  from space 17408K, 77% used [0x00000007adf00000,0x00000007aec18010,0x00000007af000000)
  to   space 17408K, 0% used [0x00000007ace00000,0x00000007ace00000,0x00000007adf00000)
 ParOldGen       total 222720K, used 17974K [0x0000000760000000, 0x000000076d980000, 0x00000007a0000000)
  object space 222720K, 8% used [0x0000000760000000,0x000000076118da18,0x000000076d980000)
 Metaspace       used 45824K, capacity 48044K, committed 48256K, reserved 1091584K
  class space    used 6446K, capacity 6938K, committed 7040K, reserved 1048576K
Event: 46.110 GC heap after
Heap after GC invocations=9 (full 2):
 PSYoungGen      total 228352K, used 17392K [0x00000007a0000000, 0x00000007b8380000, 0x00000007c0000000)
  eden space 210944K, 0% used [0x00000007a0000000,0x00000007a0000000,0x00000007ace00000)
  from space 17408K, 99% used [0x00000007ace00000,0x00000007adefc0c0,0x00000007adf00000)
  to   space 29696K, 0% used [0x00000007b6680000,0x00000007b6680000,0x00000007b8380000)
 ParOldGen       total 222720K, used 38441K [0x0000000760000000, 0x000000076d980000, 0x00000007a0000000)
  object space 222720K, 17% used [0x0000000760000000,0x000000076258a448,0x000000076d980000)
 Metaspace       used 45824K, capacity 48044K, committed 48256K, reserved 1091584K
  class space    used 6446K, capacity 6938K, committed 7040K, reserved 1048576K
}
Event: 85.415 GC heap before
{Heap before GC invocations=10 (full 2):
 PSYoungGen      total 228352K, used 228336K [0x00000007a0000000, 0x00000007b8380000, 0x00000007c0000000)
  eden space 210944K, 100% used [0x00000007a0000000,0x00000007ace00000,0x00000007ace00000)
  from space 17408K, 99% used [0x00000007ace00000,0x00000007adefc0c0,0x00000007adf00000)
  to   space 29696K, 0% used [0x00000007b6680000,0x00000007b6680000,0x00000007b8380000)
 ParOldGen       total 222720K, used 38441K [0x0000000760000000, 0x000000076d980000, 0x00000007a0000000)
  object space 222720K, 17% used [0x0000000760000000,0x000000076258a448,0x000000076d980000)
 Metaspace       used 55375K, capacity 58491K, committed 58624K, reserved 1099776K
  class space    used 7767K, capacity 8447K, committed 8448K, reserved 1048576K
Event: 85.432 GC heap after
Heap after GC invocations=10 (full 2):
 PSYoungGen      total 352768K, used 28955K [0x00000007a0000000, 0x00000007b8300000, 0x00000007c0000000)
  eden space 323584K, 0% used [0x00000007a0000000,0x00000007a0000000,0x00000007b3c00000)
  from space 29184K, 99% used [0x00000007b6680000,0x00000007b82c6f30,0x00000007b8300000)
  to   space 33792K, 0% used [0x00000007b4100000,0x00000007b4100000,0x00000007b6200000)
 ParOldGen       total 222720K, used 39137K [0x0000000760000000, 0x000000076d980000, 0x00000007a0000000)
  object space 222720K, 17% used [0x0000000760000000,0x0000000762638448,0x000000076d980000)
 Metaspace       used 55375K, capacity 58491K, committed 58624K, reserved 1099776K
  class space    used 7767K, capacity 8447K, committed 8448K, reserved 1048576K
}
Event: 85.984 GC heap before
{Heap before GC invocations=11 (full 2):
 PSYoungGen      total 352768K, used 41826K [0x00000007a0000000, 0x00000007b8300000, 0x00000007c0000000)
  eden space 323584K, 3% used [0x00000007a0000000,0x00000007a0c91990,0x00000007b3c00000)
  from space 29184K, 99% used [0x00000007b6680000,0x00000007b82c6f30,0x00000007b8300000)
  to   space 33792K, 0% used [0x00000007b4100000,0x00000007b4100000,0x00000007b6200000)
 ParOldGen       total 222720K, used 39137K [0x0000000760000000, 0x000000076d980000, 0x00000007a0000000)
  object space 222720K, 17% used [0x0000000760000000,0x0000000762638448,0x000000076d980000)
 Metaspace       used 55996K, capacity 59081K, committed 59160K, reserved 1099776K
  class space    used 7842K, capacity 8514K, committed 8576K, reserved 1048576K
Event: 85.997 GC heap after
Heap after GC invocations=11 (full 2):
 PSYoungGen      total 362496K, used 21707K [0x00000007a0000000, 0x00000007bfc80000, 0x00000007c0000000)
  eden space 328704K, 0% used [0x00000007a0000000,0x00000007a0000000,0x00000007b4100000)
  from space 33792K, 64% used [0x00000007b4100000,0x00000007b5632ed8,0x00000007b6200000)
  to   space 33792K, 0% used [0x00000007bdb80000,0x00000007bdb80000,0x00000007bfc80000)
 ParOldGen       total 222720K, used 39145K [0x0000000760000000, 0x000000076d980000, 0x00000007a0000000)
  object space 222720K, 17% used [0x0000000760000000,0x000000076263a448,0x000000076d980000)
 Metaspace       used 55996K, capacity 59081K, committed 59160K, reserved 1099776K
  class space    used 7842K, capacity 8514K, committed 8576K, reserved 1048576K
}
Event: 85.997 GC heap before
{Heap before GC invocations=12 (full 3):
 PSYoungGen      total 362496K, used 21707K [0x00000007a0000000, 0x00000007bfc80000, 0x00000007c0000000)
  eden space 328704K, 0% used [0x00000007a0000000,0x00000007a0000000,0x00000007b4100000)
  from space 33792K, 64% used [0x00000007b4100000,0x00000007b5632ed8,0x00000007b6200000)
  to   space 33792K, 0% used [0x00000007bdb80000,0x00000007bdb80000,0x00000007bfc80000)
 ParOldGen       total 222720K, used 39145K [0x0000000760000000, 0x000000076d980000, 0x00000007a0000000)
  object space 222720K, 17% used [0x0000000760000000,0x000000076263a448,0x000000076d980000)
 Metaspace       used 55996K, capacity 59081K, committed 59160K, reserved 1099776K
  class space    used 7842K, capacity 8514K, committed 8576K, reserved 1048576K
Event: 86.148 GC heap after
Heap after GC invocations=12 (full 3):
 PSYoungGen      total 362496K, used 0K [0x00000007a0000000, 0x00000007bfc80000, 0x00000007c0000000)
  eden space 328704K, 0% used [0x00000007a0000000,0x00000007a0000000,0x00000007b4100000)
  from space 33792K, 0% used [0x00000007b4100000,0x00000007b4100000,0x00000007b6200000)
  to   space 33792K, 0% used [0x00000007bdb80000,0x00000007bdb80000,0x00000007bfc80000)
 ParOldGen       total 283648K, used 33273K [0x0000000760000000, 0x0000000771500000, 0x00000007a0000000)
  object space 283648K, 11% used [0x0000000760000000,0x000000076207e6b0,0x0000000771500000)
 Metaspace       used 55988K, capacity 59055K, committed 59160K, reserved 1099776K
  class space    used 7838K, capacity 8509K, committed 8576K, reserved 1048576K
}

